<?xml version="1.0" encoding="UTF-8"?>
<testng-results skipped="0" failed="0" ignored="0" total="1" passed="1">
  <reporter-output>
  </reporter-output>
  <suite name="FirstTest" duration-ms="18343" started-at="2018-11-23T08:26:18Z" finished-at="2018-11-23T08:26:37Z">
    <groups>
    </groups>
    <test name="Command line test" duration-ms="18343" started-at="2018-11-23T08:26:18Z" finished-at="2018-11-23T08:26:37Z">
      <class name="FirstTest">
        <test-method status="PASS" signature="setupTest()[pri:0, instance:FirstTest@5056dfcb]" name="setupTest" is-config="true" duration-ms="10677" started-at="2018-11-23T08:26:19Z" finished-at="2018-11-23T08:26:29Z">
          <reporter-output>
          </reporter-output>
        </test-method> <!-- setupTest -->
        <test-method status="PASS" signature="demoLogin()[pri:0, instance:FirstTest@5056dfcb]" name="demoLogin" duration-ms="6879" started-at="2018-11-23T08:26:29Z" finished-at="2018-11-23T08:26:36Z">
          <reporter-output>
          </reporter-output>
        </test-method> <!-- demoLogin -->
        <test-method status="PASS" signature="teardownTest()[pri:0, instance:FirstTest@5056dfcb]" name="teardownTest" is-config="true" duration-ms="755" started-at="2018-11-23T08:26:36Z" finished-at="2018-11-23T08:26:37Z">
          <reporter-output>
          </reporter-output>
        </test-method> <!-- teardownTest -->
      </class> <!-- FirstTest -->
    </test> <!-- Command line test -->
  </suite> <!-- FirstTest -->
</testng-results>
